<?xml version="1.0" encoding="UTF-8"?>
<testng-results ignored="0" total="1" passed="1" failed="0" skipped="0">
  <reporter-output>
  </reporter-output>
  <suite started-at="2023-11-27T09:31:28 CST" name="Default suite" finished-at="2023-11-27T09:31:30 CST" duration-ms="2210">
    <groups>
    </groups>
    <test started-at="2023-11-27T09:31:28 CST" name="Default test" finished-at="2023-11-27T09:31:30 CST" duration-ms="2210">
      <class name="com.WebApplication.LoginDataWithvalidinvalid_ScreenShots">
        <test-method is-config="true" signature="Setup()[pri:0, instance:com.WebApplication.LoginDataWithvalidinvalid_ScreenShots@3e84448c]" started-at="2023-11-27T09:31:28 CST" name="Setup" finished-at="2023-11-27T09:31:30 CST" duration-ms="1582" status="PASS">
          <reporter-output>
          </reporter-output>
        </test-method> <!-- Setup -->
        <test-method signature="ScreenShotwithData()[pri:0, instance:com.WebApplication.LoginDataWithvalidinvalid_ScreenShots@3e84448c]" started-at="2023-11-27T09:31:30 CST" name="ScreenShotwithData" finished-at="2023-11-27T09:31:30 CST" duration-ms="590" status="PASS">
          <reporter-output>
          </reporter-output>
        </test-method> <!-- ScreenShotwithData -->
      </class> <!-- com.WebApplication.LoginDataWithvalidinvalid_ScreenShots -->
    </test> <!-- Default test -->
  </suite> <!-- Default suite -->
</testng-results>
