<?xml version="1.0" encoding="UTF-8"?>
<testng-results ignored="0" total="1" passed="1" failed="0" skipped="0">
  <reporter-output>
  </reporter-output>
  <suite started-at="2023-12-06T10:39:26 CST" name="Default suite" finished-at="2023-12-06T10:39:28 CST" duration-ms="1879">
    <groups>
    </groups>
    <test started-at="2023-12-06T10:39:26 CST" name="Default test" finished-at="2023-12-06T10:39:28 CST" duration-ms="1879">
      <class name="com.OrangeHRMApplicationWebPages.OrangeHRMLoginPage">
        <test-method is-config="true" signature="Setup()[pri:0, instance:com.OrangeHRMApplicationWebPages.OrangeHRMLoginPage@4738a206]" started-at="2023-12-06T10:39:26 CST" name="Setup" finished-at="2023-12-06T10:39:28 CST" duration-ms="1676" status="PASS">
          <reporter-output>
          </reporter-output>
        </test-method> <!-- Setup -->
        <test-method signature="ValidationOfLoginPage()[pri:0, instance:com.OrangeHRMApplicationWebPages.OrangeHRMLoginPage@4738a206]" started-at="2023-12-06T10:39:28 CST" name="ValidationOfLoginPage" finished-at="2023-12-06T10:39:28 CST" duration-ms="19" status="PASS">
          <reporter-output>
          </reporter-output>
        </test-method> <!-- ValidationOfLoginPage -->
        <test-method is-config="true" signature="teardown()[pri:0, instance:com.OrangeHRMApplicationWebPages.OrangeHRMLoginPage@4738a206]" started-at="2023-12-06T10:39:28 CST" name="teardown" finished-at="2023-12-06T10:39:28 CST" duration-ms="152" status="PASS">
          <reporter-output>
          </reporter-output>
        </test-method> <!-- teardown -->
      </class> <!-- com.OrangeHRMApplicationWebPages.OrangeHRMLoginPage -->
    </test> <!-- Default test -->
  </suite> <!-- Default suite -->
</testng-results>
